<?xml version="1.0" encoding="UTF-8"?>
<testng-results skipped="2" failed="0" total="3" passed="1">
  <reporter-output>
  </reporter-output>
  <suite name="Suite" duration-ms="146159" started-at="2017-04-08T06:05:33Z" finished-at="2017-04-08T06:07:59Z">
    <groups>
    </groups>
    <test name="Test1" duration-ms="146066" started-at="2017-04-08T06:05:33Z" finished-at="2017-04-08T06:07:59Z">
      <class name="Modules.AssurantHealth.TestScript.TC_Verify_Purchase_Functionality">
        <test-method status="PASS" signature="beforeTest(java.lang.String)[pri:0, instance:Modules.AssurantHealth.TestScript.TC_Verify_Purchase_Functionality@68be2bc2]" name="beforeTest" is-config="true" duration-ms="12542" started-at="2017-04-08T11:35:33Z" finished-at="2017-04-08T11:35:45Z">
          <params>
            <param index="0">
              <value>
                <![CDATA[FireFox]]>
              </value>
            </param>
          </params>
          <reporter-output>
          </reporter-output>
        </test-method> <!-- beforeTest -->
        <test-method status="PASS" signature="f()[pri:0, instance:Modules.AssurantHealth.TestScript.TC_Verify_Purchase_Functionality@68be2bc2]" name="f" duration-ms="132388" started-at="2017-04-08T11:35:45Z" finished-at="2017-04-08T11:37:58Z">
          <reporter-output>
          </reporter-output>
        </test-method> <!-- f -->
        <test-method status="PASS" signature="afterTest()[pri:0, instance:Modules.AssurantHealth.TestScript.TC_Verify_Purchase_Functionality@68be2bc2]" name="afterTest" is-config="true" duration-ms="1110" started-at="2017-04-08T11:37:58Z" finished-at="2017-04-08T11:37:59Z">
          <reporter-output>
          </reporter-output>
        </test-method> <!-- afterTest -->
      </class> <!-- Modules.AssurantHealth.TestScript.TC_Verify_Purchase_Functionality -->
    </test> <!-- Test1 -->
    <test name="Test2" duration-ms="15" started-at="2017-04-08T06:07:59Z" finished-at="2017-04-08T06:07:59Z">
      <class name="Modules.AssurantHealth.TestScript.TC_Verify_Purchase_Functionality">
        <test-method status="FAIL" signature="beforeTest(java.lang.String)[pri:0, instance:Modules.AssurantHealth.TestScript.TC_Verify_Purchase_Functionality@14acaea5]" name="beforeTest" is-config="true" duration-ms="0" started-at="2017-04-08T11:37:59Z" finished-at="2017-04-08T11:37:59Z">
          <params>
            <param index="0">
              <value>
                <![CDATA[InternetExplorer]]>
              </value>
            </param>
          </params>
          <exception class="java.lang.IllegalStateException">
            <message>
              <![CDATA[The driver executable does not exist: F:\Development\AutomationFrameworks\SeleniumAutomationDemo\src\Utils\IEDriverServer.exe]]>
            </message>
            <full-stacktrace>
              <![CDATA[java.lang.IllegalStateException: The driver executable does not exist: F:\Development\AutomationFrameworks\SeleniumAutomationDemo\src\Utils\IEDriverServer.exe
	at com.google.common.base.Preconditions.checkState(Preconditions.java:199)
	at org.openqa.selenium.remote.service.DriverService.checkExecutable(DriverService.java:121)
	at org.openqa.selenium.remote.service.DriverService.findExecutable(DriverService.java:116)
	at org.openqa.selenium.ie.InternetExplorerDriverService.access$0(InternetExplorerDriverService.java:1)
	at org.openqa.selenium.ie.InternetExplorerDriverService$Builder.findDefaultExecutable(InternetExplorerDriverService.java:167)
	at org.openqa.selenium.remote.service.DriverService$Builder.build(DriverService.java:296)
	at org.openqa.selenium.ie.InternetExplorerDriver.setupService(InternetExplorerDriver.java:251)
	at org.openqa.selenium.ie.InternetExplorerDriver.<init>(InternetExplorerDriver.java:172)
	at org.openqa.selenium.ie.InternetExplorerDriver.<init>(InternetExplorerDriver.java:150)
	at Modules.AssurantHealth.TestScript.TC_Verify_Purchase_Functionality.beforeTest(TC_Verify_Purchase_Functionality.java:40)
	at sun.reflect.NativeMethodAccessorImpl.invoke0(Native Method)
	at sun.reflect.NativeMethodAccessorImpl.invoke(NativeMethodAccessorImpl.java:62)
	at sun.reflect.DelegatingMethodAccessorImpl.invoke(DelegatingMethodAccessorImpl.java:43)
	at java.lang.reflect.Method.invoke(Method.java:497)
	at org.testng.internal.MethodInvocationHelper.invokeMethod(MethodInvocationHelper.java:85)
	at org.testng.internal.Invoker.invokeConfigurationMethod(Invoker.java:510)
	at org.testng.internal.Invoker.invokeConfigurations(Invoker.java:211)
	at org.testng.internal.Invoker.invokeConfigurations(Invoker.java:138)
	at org.testng.TestRunner.beforeRun(TestRunner.java:648)
	at org.testng.TestRunner.run(TestRunner.java:616)
	at org.testng.SuiteRunner.runTest(SuiteRunner.java:359)
	at org.testng.SuiteRunner.runSequentially(SuiteRunner.java:354)
	at org.testng.SuiteRunner.privateRun(SuiteRunner.java:312)
	at org.testng.SuiteRunner.run(SuiteRunner.java:261)
	at org.testng.SuiteRunnerWorker.runSuite(SuiteRunnerWorker.java:52)
	at org.testng.SuiteRunnerWorker.run(SuiteRunnerWorker.java:86)
	at org.testng.TestNG.runSuitesSequentially(TestNG.java:1215)
	at org.testng.TestNG.runSuitesLocally(TestNG.java:1140)
	at org.testng.TestNG.run(TestNG.java:1048)
	at org.testng.remote.AbstractRemoteTestNG.run(AbstractRemoteTestNG.java:132)
	at org.testng.remote.RemoteTestNG.initAndRun(RemoteTestNG.java:236)
	at org.testng.remote.RemoteTestNG.main(RemoteTestNG.java:81)
]]>
            </full-stacktrace>
          </exception> <!-- java.lang.IllegalStateException -->
          <reporter-output>
          </reporter-output>
        </test-method> <!-- beforeTest -->
        <test-method status="SKIP" signature="afterTest()[pri:0, instance:Modules.AssurantHealth.TestScript.TC_Verify_Purchase_Functionality@14acaea5]" name="afterTest" is-config="true" duration-ms="0" started-at="2017-04-08T11:37:59Z" finished-at="2017-04-08T11:37:59Z">
          <reporter-output>
          </reporter-output>
        </test-method> <!-- afterTest -->
        <test-method status="SKIP" signature="f()[pri:0, instance:Modules.AssurantHealth.TestScript.TC_Verify_Purchase_Functionality@14acaea5]" name="f" duration-ms="0" started-at="2017-04-08T11:37:59Z" finished-at="2017-04-08T11:37:59Z">
          <reporter-output>
          </reporter-output>
        </test-method> <!-- f -->
      </class> <!-- Modules.AssurantHealth.TestScript.TC_Verify_Purchase_Functionality -->
    </test> <!-- Test2 -->
    <test name="Test3" duration-ms="31" started-at="2017-04-08T06:07:59Z" finished-at="2017-04-08T06:07:59Z">
      <class name="Modules.AssurantHealth.TestScript.TC_Verify_Purchase_Functionality">
        <test-method status="FAIL" signature="beforeTest(java.lang.String)[pri:0, instance:Modules.AssurantHealth.TestScript.TC_Verify_Purchase_Functionality@5b275dab]" name="beforeTest" is-config="true" duration-ms="0" started-at="2017-04-08T11:37:59Z" finished-at="2017-04-08T11:37:59Z">
          <params>
            <param index="0">
              <value>
                <![CDATA[Chrome]]>
              </value>
            </param>
          </params>
          <exception class="java.lang.IllegalStateException">
            <message>
              <![CDATA[The driver executable does not exist: F:\Development\AutomationFrameworks\SeleniumAutomationDemo\src\Utils\chromedriver.exe]]>
            </message>
            <full-stacktrace>
              <![CDATA[java.lang.IllegalStateException: The driver executable does not exist: F:\Development\AutomationFrameworks\SeleniumAutomationDemo\src\Utils\chromedriver.exe
	at com.google.common.base.Preconditions.checkState(Preconditions.java:199)
	at org.openqa.selenium.remote.service.DriverService.checkExecutable(DriverService.java:121)
	at org.openqa.selenium.remote.service.DriverService.findExecutable(DriverService.java:116)
	at org.openqa.selenium.chrome.ChromeDriverService.access$0(ChromeDriverService.java:1)
	at org.openqa.selenium.chrome.ChromeDriverService$Builder.findDefaultExecutable(ChromeDriverService.java:137)
	at org.openqa.selenium.remote.service.DriverService$Builder.build(DriverService.java:296)
	at org.openqa.selenium.chrome.ChromeDriverService.createDefaultService(ChromeDriverService.java:88)
	at org.openqa.selenium.chrome.ChromeDriver.<init>(ChromeDriver.java:116)
	at Modules.AssurantHealth.TestScript.TC_Verify_Purchase_Functionality.beforeTest(TC_Verify_Purchase_Functionality.java:44)
	at sun.reflect.NativeMethodAccessorImpl.invoke0(Native Method)
	at sun.reflect.NativeMethodAccessorImpl.invoke(NativeMethodAccessorImpl.java:62)
	at sun.reflect.DelegatingMethodAccessorImpl.invoke(DelegatingMethodAccessorImpl.java:43)
	at java.lang.reflect.Method.invoke(Method.java:497)
	at org.testng.internal.MethodInvocationHelper.invokeMethod(MethodInvocationHelper.java:85)
	at org.testng.internal.Invoker.invokeConfigurationMethod(Invoker.java:510)
	at org.testng.internal.Invoker.invokeConfigurations(Invoker.java:211)
	at org.testng.internal.Invoker.invokeConfigurations(Invoker.java:138)
	at org.testng.TestRunner.beforeRun(TestRunner.java:648)
	at org.testng.TestRunner.run(TestRunner.java:616)
	at org.testng.SuiteRunner.runTest(SuiteRunner.java:359)
	at org.testng.SuiteRunner.runSequentially(SuiteRunner.java:354)
	at org.testng.SuiteRunner.privateRun(SuiteRunner.java:312)
	at org.testng.SuiteRunner.run(SuiteRunner.java:261)
	at org.testng.SuiteRunnerWorker.runSuite(SuiteRunnerWorker.java:52)
	at org.testng.SuiteRunnerWorker.run(SuiteRunnerWorker.java:86)
	at org.testng.TestNG.runSuitesSequentially(TestNG.java:1215)
	at org.testng.TestNG.runSuitesLocally(TestNG.java:1140)
	at org.testng.TestNG.run(TestNG.java:1048)
	at org.testng.remote.AbstractRemoteTestNG.run(AbstractRemoteTestNG.java:132)
	at org.testng.remote.RemoteTestNG.initAndRun(RemoteTestNG.java:236)
	at org.testng.remote.RemoteTestNG.main(RemoteTestNG.java:81)
]]>
            </full-stacktrace>
          </exception> <!-- java.lang.IllegalStateException -->
          <reporter-output>
          </reporter-output>
        </test-method> <!-- beforeTest -->
        <test-method status="SKIP" signature="f()[pri:0, instance:Modules.AssurantHealth.TestScript.TC_Verify_Purchase_Functionality@5b275dab]" name="f" duration-ms="0" started-at="2017-04-08T11:37:59Z" finished-at="2017-04-08T11:37:59Z">
          <reporter-output>
          </reporter-output>
        </test-method> <!-- f -->
        <test-method status="SKIP" signature="afterTest()[pri:0, instance:Modules.AssurantHealth.TestScript.TC_Verify_Purchase_Functionality@5b275dab]" name="afterTest" is-config="true" duration-ms="0" started-at="2017-04-08T11:37:59Z" finished-at="2017-04-08T11:37:59Z">
          <reporter-output>
          </reporter-output>
        </test-method> <!-- afterTest -->
      </class> <!-- Modules.AssurantHealth.TestScript.TC_Verify_Purchase_Functionality -->
    </test> <!-- Test3 -->
  </suite> <!-- Suite -->
</testng-results>
