<?xml version="1.0" encoding="UTF-8"?>
<!-- Generated by org.testng.reporters.JUnitXMLReporter -->
<testsuite hostname="lenovo" name="Test2" tests="1" failures="0" timestamp="8 Apr 2017 06:07:59 GMT" time="0.015" errors="0">
  <testcase name="@BeforeTest beforeTest" time="0.0" classname="Modules.AssurantHealth.TestScript.TC_Verify_Purchase_Functionality">
    <failure type="java.lang.IllegalStateException" message="The driver executable does not exist: F:\Development\AutomationFrameworks\SeleniumAutomationDemo\src\Utils\IEDriverServer.exe">
      <![CDATA[java.lang.IllegalStateException: The driver executable does not exist: F:\Development\AutomationFrameworks\SeleniumAutomationDemo\src\Utils\IEDriverServer.exe
	at com.google.common.base.Preconditions.checkState(Preconditions.java:199)
	at org.openqa.selenium.remote.service.DriverService.checkExecutable(DriverService.java:121)
	at org.openqa.selenium.remote.service.DriverService.findExecutable(DriverService.java:116)
	at org.openqa.selenium.ie.InternetExplorerDriverService.access$0(InternetExplorerDriverService.java:1)
	at org.openqa.selenium.ie.InternetExplorerDriverService$Builder.findDefaultExecutable(InternetExplorerDriverService.java:167)
	at org.openqa.selenium.remote.service.DriverService$Builder.build(DriverService.java:296)
	at org.openqa.selenium.ie.InternetExplorerDriver.setupService(InternetExplorerDriver.java:251)
	at org.openqa.selenium.ie.InternetExplorerDriver.<init>(InternetExplorerDriver.java:172)
	at org.openqa.selenium.ie.InternetExplorerDriver.<init>(InternetExplorerDriver.java:150)
	at Modules.AssurantHealth.TestScript.TC_Verify_Purchase_Functionality.beforeTest(TC_Verify_Purchase_Functionality.java:40)
... Removed 22 stack frames]]>
    </failure>
  </testcase> <!-- @BeforeTest beforeTest -->
  <testcase name="@AfterTest afterTest" time="0.0" classname="Modules.AssurantHealth.TestScript.TC_Verify_Purchase_Functionality">
    <skipped/>
  </testcase> <!-- @AfterTest afterTest -->
  <testcase name="f" time="0.0" classname="Modules.AssurantHealth.TestScript.TC_Verify_Purchase_Functionality">
    <skipped/>
  </testcase> <!-- f -->
</testsuite> <!-- Test2 -->
